2024-11-25 00:22 -05:00: [32m[Nest] 40409  - [39m2024-11-25, 12:22:45 a.m. [32m    LOG[39m [38;5;3m[NestFactory] [39m[32mStarting Nest application...[39m
2024-11-25 00:22 -05:00: [32m[Nest] 40409  - [39m2024-11-25, 12:22:45 a.m. [32m    LOG[39m [38;5;3m[InstanceLoader] [39m[32mAppModule dependencies initialized[39m[38;5;3m +25ms[39m
2024-11-25 00:22 -05:00: [32m[Nest] 40409  - [39m2024-11-25, 12:22:45 a.m. [32m    LOG[39m [38;5;3m[InstanceLoader] [39m[32mTypeOrmModule dependencies initialized[39m[38;5;3m +0ms[39m
2024-11-25 00:22 -05:00: [32m[Nest] 40409  - [39m2024-11-25, 12:22:45 a.m. [32m    LOG[39m [38;5;3m[InstanceLoader] [39m[32mMailerModule dependencies initialized[39m[38;5;3m +1ms[39m
2024-11-25 00:22 -05:00: [32m[Nest] 40409  - [39m2024-11-25, 12:22:45 a.m. [32m    LOG[39m [38;5;3m[InstanceLoader] [39m[32mHttpModule dependencies initialized[39m[38;5;3m +0ms[39m
2024-11-25 00:22 -05:00: [32m[Nest] 40409  - [39m2024-11-25, 12:22:45 a.m. [32m    LOG[39m [38;5;3m[InstanceLoader] [39m[32mDiscoveryModule dependencies initialized[39m[38;5;3m +0ms[39m
2024-11-25 00:22 -05:00: [32m[Nest] 40409  - [39m2024-11-25, 12:22:45 a.m. [32m    LOG[39m [38;5;3m[InstanceLoader] [39m[32mScheduleModule dependencies initialized[39m[38;5;3m +30ms[39m
2024-11-25 00:22 -05:00: [32m[Nest] 40409  - [39m2024-11-25, 12:22:45 a.m. [32m    LOG[39m [38;5;3m[InstanceLoader] [39m[32mMailerCoreModule dependencies initialized[39m[38;5;3m +0ms[39m
2024-11-25 00:22 -05:00: [32m[Nest] 40409  - [39m2024-11-25, 12:22:45 a.m. [32m    LOG[39m [38;5;3m[InstanceLoader] [39m[32mTypeOrmCoreModule dependencies initialized[39m[38;5;3m +9ms[39m
2024-11-25 00:22 -05:00: [32m[Nest] 40409  - [39m2024-11-25, 12:22:45 a.m. [32m    LOG[39m [38;5;3m[InstanceLoader] [39m[32mSharedModule dependencies initialized[39m[38;5;3m +0ms[39m
2024-11-25 00:22 -05:00: [32m[Nest] 40409  - [39m2024-11-25, 12:22:45 a.m. [32m    LOG[39m [38;5;3m[InstanceLoader] [39m[32mApiModule dependencies initialized[39m[38;5;3m +0ms[39m
2024-11-25 00:22 -05:00: [32m[Nest] 40409  - [39m2024-11-25, 12:22:45 a.m. [32m    LOG[39m [38;5;3m[InstanceLoader] [39m[32mUserModule dependencies initialized[39m[38;5;3m +0ms[39m
2024-11-25 00:22 -05:00: [32m[Nest] 40409  - [39m2024-11-25, 12:22:45 a.m. [32m    LOG[39m [38;5;3m[InstanceLoader] [39m[32mUploadModule dependencies initialized[39m[38;5;3m +0ms[39m
2024-11-25 00:22 -05:00: [32m[Nest] 40409  - [39m2024-11-25, 12:22:45 a.m. [32m    LOG[39m [38;5;3m[InstanceLoader] [39m[32mAuthModule dependencies initialized[39m[38;5;3m +1ms[39m
2024-11-25 00:22 -05:00: [32m[Nest] 40409  - [39m2024-11-25, 12:22:45 a.m. [32m    LOG[39m [38;5;3m[RoutesResolver] [39m[32mAuthController {/api/auth}:[39m[38;5;3m +24ms[39m
2024-11-25 00:22 -05:00: [32m[Nest] 40409  - [39m2024-11-25, 12:22:45 a.m. [32m    LOG[39m [38;5;3m[RouterExplorer] [39m[32mMapped {/api/auth/v1/register, POST} route[39m[38;5;3m +1ms[39m
2024-11-25 00:22 -05:00: [32m[Nest] 40409  - [39m2024-11-25, 12:22:45 a.m. [32m    LOG[39m [38;5;3m[RouterExplorer] [39m[32mMapped {/api/auth/v1/login, POST} route[39m[38;5;3m +0ms[39m
2024-11-25 00:22 -05:00: [32m[Nest] 40409  - [39m2024-11-25, 12:22:45 a.m. [32m    LOG[39m [38;5;3m[RouterExplorer] [39m[32mMapped {/api/auth/v1/socialLogin, POST} route[39m[38;5;3m +0ms[39m
2024-11-25 00:22 -05:00: [32m[Nest] 40409  - [39m2024-11-25, 12:22:45 a.m. [32m    LOG[39m [38;5;3m[RouterExplorer] [39m[32mMapped {/api/auth/v1/refreshtoken, POST} route[39m[38;5;3m +0ms[39m
2024-11-25 00:22 -05:00: [32m[Nest] 40409  - [39m2024-11-25, 12:22:45 a.m. [32m    LOG[39m [38;5;3m[RouterExplorer] [39m[32mMapped {/api/auth/v1/forgotpassword, POST} route[39m[38;5;3m +0ms[39m
2024-11-25 00:22 -05:00: [32m[Nest] 40409  - [39m2024-11-25, 12:22:45 a.m. [32m    LOG[39m [38;5;3m[RouterExplorer] [39m[32mMapped {/api/auth/v1/confirmotp, POST} route[39m[38;5;3m +1ms[39m
2024-11-25 00:22 -05:00: [32m[Nest] 40409  - [39m2024-11-25, 12:22:45 a.m. [32m    LOG[39m [38;5;3m[RouterExplorer] [39m[32mMapped {/api/auth/v1/resetpassword, POST} route[39m[38;5;3m +0ms[39m
2024-11-25 00:22 -05:00: [32m[Nest] 40409  - [39m2024-11-25, 12:22:45 a.m. [32m    LOG[39m [38;5;3m[RouterExplorer] [39m[32mMapped {/api/auth/v2/sendOtp, POST} route[39m[38;5;3m +0ms[39m
2024-11-25 00:22 -05:00: [32m[Nest] 40409  - [39m2024-11-25, 12:22:45 a.m. [32m    LOG[39m [38;5;3m[RouterExplorer] [39m[32mMapped {/api/auth/v2/confirmotp, POST} route[39m[38;5;3m +0ms[39m
2024-11-25 00:22 -05:00: [32m[Nest] 40409  - [39m2024-11-25, 12:22:45 a.m. [32m    LOG[39m [38;5;3m[RoutesResolver] [39m[32mUserController {/api/User}:[39m[38;5;3m +0ms[39m
2024-11-25 00:22 -05:00: [32m[Nest] 40409  - [39m2024-11-25, 12:22:45 a.m. [32m    LOG[39m [38;5;3m[RouterExplorer] [39m[32mMapped {/api/User/ImageUrl, POST} route[39m[38;5;3m +0ms[39m
2024-11-25 00:22 -05:00: [32m[Nest] 40409  - [39m2024-11-25, 12:22:45 a.m. [32m    LOG[39m [38;5;3m[RouterExplorer] [39m[32mMapped {/api/User/update/:id, PUT} route[39m[38;5;3m +1ms[39m
2024-11-25 00:22 -05:00: [32m[Nest] 40409  - [39m2024-11-25, 12:22:45 a.m. [32m    LOG[39m [38;5;3m[RouterExplorer] [39m[32mMapped {/api/User/changepassword, POST} route[39m[38;5;3m +0ms[39m
2024-11-25 00:22 -05:00: [32m[Nest] 40409  - [39m2024-11-25, 12:22:45 a.m. [32m    LOG[39m [38;5;3m[RouterExplorer] [39m[32mMapped {/api/User/delete/:userId, DELETE} route[39m[38;5;3m +0ms[39m
2024-11-25 00:22 -05:00: [32m[Nest] 40409  - [39m2024-11-25, 12:22:45 a.m. [32m    LOG[39m [38;5;3m[RouterExplorer] [39m[32mMapped {/api/User/addproducts, POST} route[39m[38;5;3m +0ms[39m
2024-11-25 00:22 -05:00: [32m[Nest] 40409  - [39m2024-11-25, 12:22:45 a.m. [32m    LOG[39m [38;5;3m[RouterExplorer] [39m[32mMapped {/api/User/getUserproducts, GET} route[39m[38;5;3m +0ms[39m
2024-11-25 00:22 -05:00: [32m[Nest] 40409  - [39m2024-11-25, 12:22:45 a.m. [32m    LOG[39m [38;5;3m[RouterExplorer] [39m[32mMapped {/api/User/removeProduct, PUT} route[39m[38;5;3m +1ms[39m
2024-11-25 00:22 -05:00: [32m[Nest] 40409  - [39m2024-11-25, 12:22:45 a.m. [32m    LOG[39m [38;5;3m[RouterExplorer] [39m[32mMapped {/api/User/getAllproducts, GET} route[39m[38;5;3m +0ms[39m
2024-11-25 00:22 -05:00: [32m[Nest] 40409  - [39m2024-11-25, 12:22:45 a.m. [32m    LOG[39m [38;5;3m[RoutesResolver] [39m[32mUploadController {/api/upload}:[39m[38;5;3m +0ms[39m
2024-11-25 00:22 -05:00: [32m[Nest] 40409  - [39m2024-11-25, 12:22:45 a.m. [32m    LOG[39m [38;5;3m[RouterExplorer] [39m[32mMapped {/api/upload/image, POST} route[39m[38;5;3m +0ms[39m
2024-11-25 00:22 -05:00: [32m[Nest] 40409  - [39m2024-11-25, 12:22:45 a.m. [32m    LOG[39m [38;5;3m[RouterExplorer] [39m[32mMapped {/api/upload/song, POST} route[39m[38;5;3m +0ms[39m
2024-11-25 00:22 -05:00: [32m[Nest] 40409  - [39m2024-11-25, 12:22:45 a.m. [32m    LOG[39m [38;5;3m[RouterExplorer] [39m[32mMapped {/api/upload/multipleImages, POST} route[39m[38;5;3m +0ms[39m
2024-11-25 00:22 -05:00: [32m[Nest] 40409  - [39m2024-11-25, 12:22:45 a.m. [32m    LOG[39m [38;5;3m[RouterExplorer] [39m[32mMapped {/api/upload/multipleSongs, POST} route[39m[38;5;3m +0ms[39m
2024-11-25 00:22 -05:00: [32m[Nest] 40409  - [39m2024-11-25, 12:22:45 a.m. [32m    LOG[39m [38;5;3m[NestApplication] [39m[32mNest application successfully started[39m[38;5;3m +3ms[39m
2024-11-25 00:22 -05:00: [95m[Nest] 40409  - [39m2024-11-25, 12:22:45 a.m. [95m  DEBUG[39m [38;5;3m[WEB] [39m[95mhttp://localhost:3011/api/doc[39m
2024-11-25 00:26 -05:00: [32m[Nest] 41490  - [39m2024-11-25, 12:26:01 a.m. [32m    LOG[39m [38;5;3m[NestFactory] [39m[32mStarting Nest application...[39m
2024-11-25 00:26 -05:00: [32m[Nest] 41490  - [39m2024-11-25, 12:26:01 a.m. [32m    LOG[39m [38;5;3m[InstanceLoader] [39m[32mAppModule dependencies initialized[39m[38;5;3m +56ms[39m
2024-11-25 00:26 -05:00: [32m[Nest] 41490  - [39m2024-11-25, 12:26:01 a.m. [32m    LOG[39m [38;5;3m[InstanceLoader] [39m[32mTypeOrmModule dependencies initialized[39m[38;5;3m +0ms[39m
2024-11-25 00:26 -05:00: [32m[Nest] 41490  - [39m2024-11-25, 12:26:01 a.m. [32m    LOG[39m [38;5;3m[InstanceLoader] [39m[32mMailerModule dependencies initialized[39m[38;5;3m +0ms[39m
2024-11-25 00:26 -05:00: [32m[Nest] 41490  - [39m2024-11-25, 12:26:01 a.m. [32m    LOG[39m [38;5;3m[InstanceLoader] [39m[32mHttpModule dependencies initialized[39m[38;5;3m +0ms[39m
2024-11-25 00:26 -05:00: [32m[Nest] 41490  - [39m2024-11-25, 12:26:01 a.m. [32m    LOG[39m [38;5;3m[InstanceLoader] [39m[32mDiscoveryModule dependencies initialized[39m[38;5;3m +1ms[39m
2024-11-25 00:26 -05:00: [32m[Nest] 41490  - [39m2024-11-25, 12:26:01 a.m. [32m    LOG[39m [38;5;3m[InstanceLoader] [39m[32mScheduleModule dependencies initialized[39m[38;5;3m +34ms[39m
2024-11-25 00:26 -05:00: [32m[Nest] 41490  - [39m2024-11-25, 12:26:01 a.m. [32m    LOG[39m [38;5;3m[InstanceLoader] [39m[32mMailerCoreModule dependencies initialized[39m[38;5;3m +0ms[39m
2024-11-25 00:26 -05:00: [32m[Nest] 41490  - [39m2024-11-25, 12:26:01 a.m. [32m    LOG[39m [38;5;3m[InstanceLoader] [39m[32mTypeOrmCoreModule dependencies initialized[39m[38;5;3m +34ms[39m
2024-11-25 00:26 -05:00: [32m[Nest] 41490  - [39m2024-11-25, 12:26:01 a.m. [32m    LOG[39m [38;5;3m[InstanceLoader] [39m[32mSharedModule dependencies initialized[39m[38;5;3m +0ms[39m
2024-11-25 00:26 -05:00: [32m[Nest] 41490  - [39m2024-11-25, 12:26:01 a.m. [32m    LOG[39m [38;5;3m[InstanceLoader] [39m[32mApiModule dependencies initialized[39m[38;5;3m +0ms[39m
2024-11-25 00:26 -05:00: [32m[Nest] 41490  - [39m2024-11-25, 12:26:01 a.m. [32m    LOG[39m [38;5;3m[InstanceLoader] [39m[32mUserModule dependencies initialized[39m[38;5;3m +1ms[39m
2024-11-25 00:26 -05:00: [32m[Nest] 41490  - [39m2024-11-25, 12:26:01 a.m. [32m    LOG[39m [38;5;3m[InstanceLoader] [39m[32mUploadModule dependencies initialized[39m[38;5;3m +0ms[39m
2024-11-25 00:26 -05:00: [32m[Nest] 41490  - [39m2024-11-25, 12:26:01 a.m. [32m    LOG[39m [38;5;3m[InstanceLoader] [39m[32mAuthModule dependencies initialized[39m[38;5;3m +0ms[39m
2024-11-25 00:26 -05:00: [32m[Nest] 41490  - [39m2024-11-25, 12:26:01 a.m. [32m    LOG[39m [38;5;3m[RoutesResolver] [39m[32mAuthController {/api/auth}:[39m[38;5;3m +24ms[39m
2024-11-25 00:26 -05:00: [32m[Nest] 41490  - [39m2024-11-25, 12:26:01 a.m. [32m    LOG[39m [38;5;3m[RouterExplorer] [39m[32mMapped {/api/auth/v1/register, POST} route[39m[38;5;3m +1ms[39m
2024-11-25 00:26 -05:00: [32m[Nest] 41490  - [39m2024-11-25, 12:26:01 a.m. [32m    LOG[39m [38;5;3m[RouterExplorer] [39m[32mMapped {/api/auth/v1/login, POST} route[39m[38;5;3m +0ms[39m
2024-11-25 00:26 -05:00: [32m[Nest] 41490  - [39m2024-11-25, 12:26:01 a.m. [32m    LOG[39m [38;5;3m[RouterExplorer] [39m[32mMapped {/api/auth/v1/socialLogin, POST} route[39m[38;5;3m +1ms[39m
2024-11-25 00:26 -05:00: [32m[Nest] 41490  - [39m2024-11-25, 12:26:01 a.m. [32m    LOG[39m [38;5;3m[RouterExplorer] [39m[32mMapped {/api/auth/v1/refreshtoken, POST} route[39m[38;5;3m +0ms[39m
2024-11-25 00:26 -05:00: [32m[Nest] 41490  - [39m2024-11-25, 12:26:01 a.m. [32m    LOG[39m [38;5;3m[RouterExplorer] [39m[32mMapped {/api/auth/v1/forgotpassword, POST} route[39m[38;5;3m +0ms[39m
2024-11-25 00:26 -05:00: [32m[Nest] 41490  - [39m2024-11-25, 12:26:01 a.m. [32m    LOG[39m [38;5;3m[RouterExplorer] [39m[32mMapped {/api/auth/v1/confirmotp, POST} route[39m[38;5;3m +0ms[39m
2024-11-25 00:26 -05:00: [32m[Nest] 41490  - [39m2024-11-25, 12:26:01 a.m. [32m    LOG[39m [38;5;3m[RouterExplorer] [39m[32mMapped {/api/auth/v1/resetpassword, POST} route[39m[38;5;3m +0ms[39m
2024-11-25 00:26 -05:00: [32m[Nest] 41490  - [39m2024-11-25, 12:26:01 a.m. [32m    LOG[39m [38;5;3m[RouterExplorer] [39m[32mMapped {/api/auth/v2/sendOtp, POST} route[39m[38;5;3m +0ms[39m
2024-11-25 00:26 -05:00: [32m[Nest] 41490  - [39m2024-11-25, 12:26:01 a.m. [32m    LOG[39m [38;5;3m[RouterExplorer] [39m[32mMapped {/api/auth/v2/confirmotp, POST} route[39m[38;5;3m +0ms[39m
2024-11-25 00:26 -05:00: [32m[Nest] 41490  - [39m2024-11-25, 12:26:01 a.m. [32m    LOG[39m [38;5;3m[RoutesResolver] [39m[32mUserController {/api/User}:[39m[38;5;3m +1ms[39m
2024-11-25 00:26 -05:00: [32m[Nest] 41490  - [39m2024-11-25, 12:26:01 a.m. [32m    LOG[39m [38;5;3m[RouterExplorer] [39m[32mMapped {/api/User/ImageUrl, POST} route[39m[38;5;3m +0ms[39m
2024-11-25 00:26 -05:00: [32m[Nest] 41490  - [39m2024-11-25, 12:26:01 a.m. [32m    LOG[39m [38;5;3m[RouterExplorer] [39m[32mMapped {/api/User/update/:id, PUT} route[39m[38;5;3m +0ms[39m
2024-11-25 00:26 -05:00: [32m[Nest] 41490  - [39m2024-11-25, 12:26:01 a.m. [32m    LOG[39m [38;5;3m[RouterExplorer] [39m[32mMapped {/api/User/changepassword, POST} route[39m[38;5;3m +0ms[39m
2024-11-25 00:26 -05:00: [32m[Nest] 41490  - [39m2024-11-25, 12:26:01 a.m. [32m    LOG[39m [38;5;3m[RouterExplorer] [39m[32mMapped {/api/User/delete/:userId, DELETE} route[39m[38;5;3m +0ms[39m
2024-11-25 00:26 -05:00: [32m[Nest] 41490  - [39m2024-11-25, 12:26:01 a.m. [32m    LOG[39m [38;5;3m[RouterExplorer] [39m[32mMapped {/api/User/addproducts, POST} route[39m[38;5;3m +0ms[39m
2024-11-25 00:26 -05:00: [32m[Nest] 41490  - [39m2024-11-25, 12:26:01 a.m. [32m    LOG[39m [38;5;3m[RouterExplorer] [39m[32mMapped {/api/User/getUserproducts, GET} route[39m[38;5;3m +0ms[39m
2024-11-25 00:26 -05:00: [32m[Nest] 41490  - [39m2024-11-25, 12:26:01 a.m. [32m    LOG[39m [38;5;3m[RouterExplorer] [39m[32mMapped {/api/User/removeProduct, PUT} route[39m[38;5;3m +0ms[39m
2024-11-25 00:26 -05:00: [32m[Nest] 41490  - [39m2024-11-25, 12:26:01 a.m. [32m    LOG[39m [38;5;3m[RouterExplorer] [39m[32mMapped {/api/User/getAllproducts, GET} route[39m[38;5;3m +1ms[39m
2024-11-25 00:26 -05:00: [32m[Nest] 41490  - [39m2024-11-25, 12:26:01 a.m. [32m    LOG[39m [38;5;3m[RoutesResolver] [39m[32mUploadController {/api/upload}:[39m[38;5;3m +0ms[39m
2024-11-25 00:26 -05:00: [32m[Nest] 41490  - [39m2024-11-25, 12:26:01 a.m. [32m    LOG[39m [38;5;3m[RouterExplorer] [39m[32mMapped {/api/upload/image, POST} route[39m[38;5;3m +0ms[39m
2024-11-25 00:26 -05:00: [32m[Nest] 41490  - [39m2024-11-25, 12:26:01 a.m. [32m    LOG[39m [38;5;3m[RouterExplorer] [39m[32mMapped {/api/upload/song, POST} route[39m[38;5;3m +0ms[39m
2024-11-25 00:26 -05:00: [32m[Nest] 41490  - [39m2024-11-25, 12:26:01 a.m. [32m    LOG[39m [38;5;3m[RouterExplorer] [39m[32mMapped {/api/upload/multipleImages, POST} route[39m[38;5;3m +0ms[39m
2024-11-25 00:26 -05:00: [32m[Nest] 41490  - [39m2024-11-25, 12:26:01 a.m. [32m    LOG[39m [38;5;3m[RouterExplorer] [39m[32mMapped {/api/upload/multipleSongs, POST} route[39m[38;5;3m +0ms[39m
2024-11-25 00:26 -05:00: [32m[Nest] 41490  - [39m2024-11-25, 12:26:01 a.m. [32m    LOG[39m [38;5;3m[NestApplication] [39m[32mNest application successfully started[39m[38;5;3m +3ms[39m
2024-11-25 00:26 -05:00: [95m[Nest] 41490  - [39m2024-11-25, 12:26:01 a.m. [95m  DEBUG[39m [38;5;3m[WEB] [39m[95mhttp://localhost:3011/api/doc[39m
2024-11-25 06:28 -05:00: [32m[Nest] 25096  - [39m2024-11-25, 6:28:05 a.m. [32m    LOG[39m [38;5;3m[NestFactory] [39m[32mStarting Nest application...[39m
2024-11-25 06:28 -05:00: [32m[Nest] 25096  - [39m2024-11-25, 6:28:05 a.m. [32m    LOG[39m [38;5;3m[InstanceLoader] [39m[32mAppModule dependencies initialized[39m[38;5;3m +54ms[39m
2024-11-25 06:28 -05:00: [32m[Nest] 25096  - [39m2024-11-25, 6:28:05 a.m. [32m    LOG[39m [38;5;3m[InstanceLoader] [39m[32mTypeOrmModule dependencies initialized[39m[38;5;3m +0ms[39m
2024-11-25 06:28 -05:00: [32m[Nest] 25096  - [39m2024-11-25, 6:28:05 a.m. [32m    LOG[39m [38;5;3m[InstanceLoader] [39m[32mMailerModule dependencies initialized[39m[38;5;3m +0ms[39m
2024-11-25 06:28 -05:00: [32m[Nest] 25096  - [39m2024-11-25, 6:28:05 a.m. [32m    LOG[39m [38;5;3m[InstanceLoader] [39m[32mHttpModule dependencies initialized[39m[38;5;3m +0ms[39m
2024-11-25 06:28 -05:00: [32m[Nest] 25096  - [39m2024-11-25, 6:28:05 a.m. [32m    LOG[39m [38;5;3m[InstanceLoader] [39m[32mDiscoveryModule dependencies initialized[39m[38;5;3m +0ms[39m
2024-11-25 06:28 -05:00: [32m[Nest] 25096  - [39m2024-11-25, 6:28:05 a.m. [32m    LOG[39m [38;5;3m[InstanceLoader] [39m[32mScheduleModule dependencies initialized[39m[38;5;3m +34ms[39m
2024-11-25 06:28 -05:00: [32m[Nest] 25096  - [39m2024-11-25, 6:28:05 a.m. [32m    LOG[39m [38;5;3m[InstanceLoader] [39m[32mMailerCoreModule dependencies initialized[39m[38;5;3m +0ms[39m
2024-11-25 06:28 -05:00: [32m[Nest] 25096  - [39m2024-11-25, 6:28:05 a.m. [32m    LOG[39m [38;5;3m[InstanceLoader] [39m[32mTypeOrmCoreModule dependencies initialized[39m[38;5;3m +54ms[39m
2024-11-25 06:28 -05:00: [32m[Nest] 25096  - [39m2024-11-25, 6:28:05 a.m. [32m    LOG[39m [38;5;3m[InstanceLoader] [39m[32mSharedModule dependencies initialized[39m[38;5;3m +1ms[39m
2024-11-25 06:28 -05:00: [32m[Nest] 25096  - [39m2024-11-25, 6:28:05 a.m. [32m    LOG[39m [38;5;3m[InstanceLoader] [39m[32mApiModule dependencies initialized[39m[38;5;3m +0ms[39m
2024-11-25 06:28 -05:00: [32m[Nest] 25096  - [39m2024-11-25, 6:28:05 a.m. [32m    LOG[39m [38;5;3m[InstanceLoader] [39m[32mUserModule dependencies initialized[39m[38;5;3m +0ms[39m
2024-11-25 06:28 -05:00: [32m[Nest] 25096  - [39m2024-11-25, 6:28:05 a.m. [32m    LOG[39m [38;5;3m[InstanceLoader] [39m[32mUploadModule dependencies initialized[39m[38;5;3m +0ms[39m
2024-11-25 06:28 -05:00: [32m[Nest] 25096  - [39m2024-11-25, 6:28:05 a.m. [32m    LOG[39m [38;5;3m[InstanceLoader] [39m[32mAuthModule dependencies initialized[39m[38;5;3m +0ms[39m
2024-11-25 06:28 -05:00: [32m[Nest] 25096  - [39m2024-11-25, 6:28:05 a.m. [32m    LOG[39m [38;5;3m[RoutesResolver] [39m[32mAuthController {/api/auth}:[39m[38;5;3m +26ms[39m
2024-11-25 06:28 -05:00: [32m[Nest] 25096  - [39m2024-11-25, 6:28:05 a.m. [32m    LOG[39m [38;5;3m[RouterExplorer] [39m[32mMapped {/api/auth/v1/register, POST} route[39m[38;5;3m +1ms[39m
2024-11-25 06:28 -05:00: [32m[Nest] 25096  - [39m2024-11-25, 6:28:05 a.m. [32m    LOG[39m [38;5;3m[RouterExplorer] [39m[32mMapped {/api/auth/v1/login, POST} route[39m[38;5;3m +0ms[39m
2024-11-25 06:28 -05:00: [32m[Nest] 25096  - [39m2024-11-25, 6:28:05 a.m. [32m    LOG[39m [38;5;3m[RouterExplorer] [39m[32mMapped {/api/auth/v1/socialLogin, POST} route[39m[38;5;3m +0ms[39m
2024-11-25 06:28 -05:00: [32m[Nest] 25096  - [39m2024-11-25, 6:28:05 a.m. [32m    LOG[39m [38;5;3m[RouterExplorer] [39m[32mMapped {/api/auth/v1/refreshtoken, POST} route[39m[38;5;3m +0ms[39m
2024-11-25 06:28 -05:00: [32m[Nest] 25096  - [39m2024-11-25, 6:28:05 a.m. [32m    LOG[39m [38;5;3m[RouterExplorer] [39m[32mMapped {/api/auth/v1/forgotpassword, POST} route[39m[38;5;3m +0ms[39m
2024-11-25 06:28 -05:00: [32m[Nest] 25096  - [39m2024-11-25, 6:28:05 a.m. [32m    LOG[39m [38;5;3m[RouterExplorer] [39m[32mMapped {/api/auth/v1/confirmotp, POST} route[39m[38;5;3m +1ms[39m
2024-11-25 06:28 -05:00: [32m[Nest] 25096  - [39m2024-11-25, 6:28:05 a.m. [32m    LOG[39m [38;5;3m[RouterExplorer] [39m[32mMapped {/api/auth/v1/resetpassword, POST} route[39m[38;5;3m +0ms[39m
2024-11-25 06:28 -05:00: [32m[Nest] 25096  - [39m2024-11-25, 6:28:05 a.m. [32m    LOG[39m [38;5;3m[RouterExplorer] [39m[32mMapped {/api/auth/v2/sendOtp, POST} route[39m[38;5;3m +0ms[39m
2024-11-25 06:28 -05:00: [32m[Nest] 25096  - [39m2024-11-25, 6:28:05 a.m. [32m    LOG[39m [38;5;3m[RouterExplorer] [39m[32mMapped {/api/auth/v2/confirmotp, POST} route[39m[38;5;3m +0ms[39m
2024-11-25 06:28 -05:00: [32m[Nest] 25096  - [39m2024-11-25, 6:28:05 a.m. [32m    LOG[39m [38;5;3m[RoutesResolver] [39m[32mUserController {/api/User}:[39m[38;5;3m +0ms[39m
2024-11-25 06:28 -05:00: [32m[Nest] 25096  - [39m2024-11-25, 6:28:05 a.m. [32m    LOG[39m [38;5;3m[RouterExplorer] [39m[32mMapped {/api/User/ImageUrl, POST} route[39m[38;5;3m +1ms[39m
2024-11-25 06:28 -05:00: [32m[Nest] 25096  - [39m2024-11-25, 6:28:05 a.m. [32m    LOG[39m [38;5;3m[RouterExplorer] [39m[32mMapped {/api/User/update/:id, PUT} route[39m[38;5;3m +0ms[39m
2024-11-25 06:28 -05:00: [32m[Nest] 25096  - [39m2024-11-25, 6:28:05 a.m. [32m    LOG[39m [38;5;3m[RouterExplorer] [39m[32mMapped {/api/User/changepassword, POST} route[39m[38;5;3m +0ms[39m
2024-11-25 06:28 -05:00: [32m[Nest] 25096  - [39m2024-11-25, 6:28:05 a.m. [32m    LOG[39m [38;5;3m[RouterExplorer] [39m[32mMapped {/api/User/delete/:userId, DELETE} route[39m[38;5;3m +0ms[39m
2024-11-25 06:28 -05:00: [32m[Nest] 25096  - [39m2024-11-25, 6:28:05 a.m. [32m    LOG[39m [38;5;3m[RouterExplorer] [39m[32mMapped {/api/User/addproducts, POST} route[39m[38;5;3m +0ms[39m
2024-11-25 06:28 -05:00: [32m[Nest] 25096  - [39m2024-11-25, 6:28:05 a.m. [32m    LOG[39m [38;5;3m[RouterExplorer] [39m[32mMapped {/api/User/getUserproducts, GET} route[39m[38;5;3m +0ms[39m
2024-11-25 06:28 -05:00: [32m[Nest] 25096  - [39m2024-11-25, 6:28:05 a.m. [32m    LOG[39m [38;5;3m[RouterExplorer] [39m[32mMapped {/api/User/removeProduct, PUT} route[39m[38;5;3m +0ms[39m
2024-11-25 06:28 -05:00: [32m[Nest] 25096  - [39m2024-11-25, 6:28:05 a.m. [32m    LOG[39m [38;5;3m[RouterExplorer] [39m[32mMapped {/api/User/getAllproducts, GET} route[39m[38;5;3m +0ms[39m
2024-11-25 06:28 -05:00: [32m[Nest] 25096  - [39m2024-11-25, 6:28:05 a.m. [32m    LOG[39m [38;5;3m[RoutesResolver] [39m[32mUploadController {/api/upload}:[39m[38;5;3m +0ms[39m
2024-11-25 06:28 -05:00: [32m[Nest] 25096  - [39m2024-11-25, 6:28:05 a.m. [32m    LOG[39m [38;5;3m[RouterExplorer] [39m[32mMapped {/api/upload/image, POST} route[39m[38;5;3m +0ms[39m
2024-11-25 06:28 -05:00: [32m[Nest] 25096  - [39m2024-11-25, 6:28:05 a.m. [32m    LOG[39m [38;5;3m[RouterExplorer] [39m[32mMapped {/api/upload/song, POST} route[39m[38;5;3m +1ms[39m
2024-11-25 06:28 -05:00: [32m[Nest] 25096  - [39m2024-11-25, 6:28:05 a.m. [32m    LOG[39m [38;5;3m[RouterExplorer] [39m[32mMapped {/api/upload/multipleImages, POST} route[39m[38;5;3m +0ms[39m
2024-11-25 06:28 -05:00: [32m[Nest] 25096  - [39m2024-11-25, 6:28:05 a.m. [32m    LOG[39m [38;5;3m[RouterExplorer] [39m[32mMapped {/api/upload/multipleSongs, POST} route[39m[38;5;3m +0ms[39m
2024-11-25 06:28 -05:00: [32m[Nest] 25096  - [39m2024-11-25, 6:28:05 a.m. [32m    LOG[39m [38;5;3m[NestApplication] [39m[32mNest application successfully started[39m[38;5;3m +2ms[39m
2024-11-25 06:28 -05:00: [95m[Nest] 25096  - [39m2024-11-25, 6:28:05 a.m. [95m  DEBUG[39m [38;5;3m[WEB] [39m[95mhttp://localhost:3011/api/doc[39m
2024-11-25 06:28 -05:00: [32m[Nest] 25301  - [39m2024-11-25, 6:28:50 a.m. [32m    LOG[39m [38;5;3m[NestFactory] [39m[32mStarting Nest application...[39m
2024-11-25 06:28 -05:00: [32m[Nest] 25301  - [39m2024-11-25, 6:28:50 a.m. [32m    LOG[39m [38;5;3m[InstanceLoader] [39m[32mAppModule dependencies initialized[39m[38;5;3m +23ms[39m
2024-11-25 06:28 -05:00: [32m[Nest] 25301  - [39m2024-11-25, 6:28:50 a.m. [32m    LOG[39m [38;5;3m[InstanceLoader] [39m[32mTypeOrmModule dependencies initialized[39m[38;5;3m +0ms[39m
2024-11-25 06:28 -05:00: [32m[Nest] 25301  - [39m2024-11-25, 6:28:50 a.m. [32m    LOG[39m [38;5;3m[InstanceLoader] [39m[32mMailerModule dependencies initialized[39m[38;5;3m +0ms[39m
2024-11-25 06:28 -05:00: [32m[Nest] 25301  - [39m2024-11-25, 6:28:50 a.m. [32m    LOG[39m [38;5;3m[InstanceLoader] [39m[32mHttpModule dependencies initialized[39m[38;5;3m +0ms[39m
2024-11-25 06:28 -05:00: [32m[Nest] 25301  - [39m2024-11-25, 6:28:50 a.m. [32m    LOG[39m [38;5;3m[InstanceLoader] [39m[32mDiscoveryModule dependencies initialized[39m[38;5;3m +0ms[39m
2024-11-25 06:28 -05:00: [32m[Nest] 25301  - [39m2024-11-25, 6:28:50 a.m. [32m    LOG[39m [38;5;3m[InstanceLoader] [39m[32mScheduleModule dependencies initialized[39m[38;5;3m +32ms[39m
2024-11-25 06:28 -05:00: [32m[Nest] 25301  - [39m2024-11-25, 6:28:50 a.m. [32m    LOG[39m [38;5;3m[InstanceLoader] [39m[32mMailerCoreModule dependencies initialized[39m[38;5;3m +1ms[39m
2024-11-25 06:28 -05:00: [32m[Nest] 25301  - [39m2024-11-25, 6:28:50 a.m. [32m    LOG[39m [38;5;3m[InstanceLoader] [39m[32mTypeOrmCoreModule dependencies initialized[39m[38;5;3m +13ms[39m
2024-11-25 06:28 -05:00: [32m[Nest] 25301  - [39m2024-11-25, 6:28:50 a.m. [32m    LOG[39m [38;5;3m[InstanceLoader] [39m[32mSharedModule dependencies initialized[39m[38;5;3m +1ms[39m
2024-11-25 06:28 -05:00: [32m[Nest] 25301  - [39m2024-11-25, 6:28:50 a.m. [32m    LOG[39m [38;5;3m[InstanceLoader] [39m[32mApiModule dependencies initialized[39m[38;5;3m +0ms[39m
2024-11-25 06:28 -05:00: [32m[Nest] 25301  - [39m2024-11-25, 6:28:50 a.m. [32m    LOG[39m [38;5;3m[InstanceLoader] [39m[32mUserModule dependencies initialized[39m[38;5;3m +0ms[39m
2024-11-25 06:28 -05:00: [32m[Nest] 25301  - [39m2024-11-25, 6:28:50 a.m. [32m    LOG[39m [38;5;3m[InstanceLoader] [39m[32mUploadModule dependencies initialized[39m[38;5;3m +0ms[39m
2024-11-25 06:28 -05:00: [32m[Nest] 25301  - [39m2024-11-25, 6:28:50 a.m. [32m    LOG[39m [38;5;3m[InstanceLoader] [39m[32mAuthModule dependencies initialized[39m[38;5;3m +1ms[39m
2024-11-25 06:28 -05:00: [32m[Nest] 25301  - [39m2024-11-25, 6:28:51 a.m. [32m    LOG[39m [38;5;3m[RoutesResolver] [39m[32mAuthController {/api/auth}:[39m[38;5;3m +26ms[39m
2024-11-25 06:28 -05:00: [32m[Nest] 25301  - [39m2024-11-25, 6:28:51 a.m. [32m    LOG[39m [38;5;3m[RouterExplorer] [39m[32mMapped {/api/auth/v1/register, POST} route[39m[38;5;3m +1ms[39m
2024-11-25 06:28 -05:00: [32m[Nest] 25301  - [39m2024-11-25, 6:28:51 a.m. [32m    LOG[39m [38;5;3m[RouterExplorer] [39m[32mMapped {/api/auth/v1/login, POST} route[39m[38;5;3m +0ms[39m
2024-11-25 06:28 -05:00: [32m[Nest] 25301  - [39m2024-11-25, 6:28:51 a.m. [32m    LOG[39m [38;5;3m[RouterExplorer] [39m[32mMapped {/api/auth/v1/socialLogin, POST} route[39m[38;5;3m +0ms[39m
2024-11-25 06:28 -05:00: [32m[Nest] 25301  - [39m2024-11-25, 6:28:51 a.m. [32m    LOG[39m [38;5;3m[RouterExplorer] [39m[32mMapped {/api/auth/v1/refreshtoken, POST} route[39m[38;5;3m +1ms[39m
2024-11-25 06:28 -05:00: [32m[Nest] 25301  - [39m2024-11-25, 6:28:51 a.m. [32m    LOG[39m [38;5;3m[RouterExplorer] [39m[32mMapped {/api/auth/v1/forgotpassword, POST} route[39m[38;5;3m +0ms[39m
2024-11-25 06:28 -05:00: [32m[Nest] 25301  - [39m2024-11-25, 6:28:51 a.m. [32m    LOG[39m [38;5;3m[RouterExplorer] [39m[32mMapped {/api/auth/v1/confirmotp, POST} route[39m[38;5;3m +0ms[39m
2024-11-25 06:28 -05:00: [32m[Nest] 25301  - [39m2024-11-25, 6:28:51 a.m. [32m    LOG[39m [38;5;3m[RouterExplorer] [39m[32mMapped {/api/auth/v1/resetpassword, POST} route[39m[38;5;3m +0ms[39m
2024-11-25 06:28 -05:00: [32m[Nest] 25301  - [39m2024-11-25, 6:28:51 a.m. [32m    LOG[39m [38;5;3m[RouterExplorer] [39m[32mMapped {/api/auth/v2/sendOtp, POST} route[39m[38;5;3m +0ms[39m
2024-11-25 06:28 -05:00: [32m[Nest] 25301  - [39m2024-11-25, 6:28:51 a.m. [32m    LOG[39m [38;5;3m[RouterExplorer] [39m[32mMapped {/api/auth/v2/confirmotp, POST} route[39m[38;5;3m +0ms[39m
2024-11-25 06:28 -05:00: [32m[Nest] 25301  - [39m2024-11-25, 6:28:51 a.m. [32m    LOG[39m [38;5;3m[RoutesResolver] [39m[32mUserController {/api/User}:[39m[38;5;3m +1ms[39m
2024-11-25 06:28 -05:00: [32m[Nest] 25301  - [39m2024-11-25, 6:28:51 a.m. [32m    LOG[39m [38;5;3m[RouterExplorer] [39m[32mMapped {/api/User/ImageUrl, POST} route[39m[38;5;3m +0ms[39m
2024-11-25 06:28 -05:00: [32m[Nest] 25301  - [39m2024-11-25, 6:28:51 a.m. [32m    LOG[39m [38;5;3m[RouterExplorer] [39m[32mMapped {/api/User/update/:id, PUT} route[39m[38;5;3m +0ms[39m
2024-11-25 06:28 -05:00: [32m[Nest] 25301  - [39m2024-11-25, 6:28:51 a.m. [32m    LOG[39m [38;5;3m[RouterExplorer] [39m[32mMapped {/api/User/changepassword, POST} route[39m[38;5;3m +0ms[39m
2024-11-25 06:28 -05:00: [32m[Nest] 25301  - [39m2024-11-25, 6:28:51 a.m. [32m    LOG[39m [38;5;3m[RouterExplorer] [39m[32mMapped {/api/User/delete/:userId, DELETE} route[39m[38;5;3m +0ms[39m
2024-11-25 06:28 -05:00: [32m[Nest] 25301  - [39m2024-11-25, 6:28:51 a.m. [32m    LOG[39m [38;5;3m[RouterExplorer] [39m[32mMapped {/api/User/addproducts, POST} route[39m[38;5;3m +0ms[39m
2024-11-25 06:28 -05:00: [32m[Nest] 25301  - [39m2024-11-25, 6:28:51 a.m. [32m    LOG[39m [38;5;3m[RouterExplorer] [39m[32mMapped {/api/User/getUserproducts, GET} route[39m[38;5;3m +0ms[39m
2024-11-25 06:28 -05:00: [32m[Nest] 25301  - [39m2024-11-25, 6:28:51 a.m. [32m    LOG[39m [38;5;3m[RouterExplorer] [39m[32mMapped {/api/User/removeProduct, PUT} route[39m[38;5;3m +0ms[39m
2024-11-25 06:28 -05:00: [32m[Nest] 25301  - [39m2024-11-25, 6:28:51 a.m. [32m    LOG[39m [38;5;3m[RouterExplorer] [39m[32mMapped {/api/User/getAllproducts, GET} route[39m[38;5;3m +0ms[39m
2024-11-25 06:28 -05:00: [32m[Nest] 25301  - [39m2024-11-25, 6:28:51 a.m. [32m    LOG[39m [38;5;3m[RoutesResolver] [39m[32mUploadController {/api/upload}:[39m[38;5;3m +0ms[39m
2024-11-25 06:28 -05:00: [32m[Nest] 25301  - [39m2024-11-25, 6:28:51 a.m. [32m    LOG[39m [38;5;3m[RouterExplorer] [39m[32mMapped {/api/upload/image, POST} route[39m[38;5;3m +1ms[39m
2024-11-25 06:28 -05:00: [32m[Nest] 25301  - [39m2024-11-25, 6:28:51 a.m. [32m    LOG[39m [38;5;3m[RouterExplorer] [39m[32mMapped {/api/upload/song, POST} route[39m[38;5;3m +0ms[39m
2024-11-25 06:28 -05:00: [32m[Nest] 25301  - [39m2024-11-25, 6:28:51 a.m. [32m    LOG[39m [38;5;3m[RouterExplorer] [39m[32mMapped {/api/upload/multipleImages, POST} route[39m[38;5;3m +0ms[39m
2024-11-25 06:28 -05:00: [32m[Nest] 25301  - [39m2024-11-25, 6:28:51 a.m. [32m    LOG[39m [38;5;3m[RouterExplorer] [39m[32mMapped {/api/upload/multipleSongs, POST} route[39m[38;5;3m +0ms[39m
2024-11-25 06:28 -05:00: [32m[Nest] 25301  - [39m2024-11-25, 6:28:51 a.m. [32m    LOG[39m [38;5;3m[NestApplication] [39m[32mNest application successfully started[39m[38;5;3m +2ms[39m
2024-11-25 06:28 -05:00: [95m[Nest] 25301  - [39m2024-11-25, 6:28:51 a.m. [95m  DEBUG[39m [38;5;3m[WEB] [39m[95mhttp://localhost:3011/api/doc[39m
2024-11-25 14:18 -05:00: [32m[Nest] 30238  - [39m2024-11-25, 2:18:49 p.m. [32m    LOG[39m [38;5;3m[NestFactory] [39m[32mStarting Nest application...[39m
2024-11-25 14:18 -05:00: [32m[Nest] 30238  - [39m2024-11-25, 2:18:49 p.m. [32m    LOG[39m [38;5;3m[InstanceLoader] [39m[32mAppModule dependencies initialized[39m[38;5;3m +60ms[39m
2024-11-25 14:18 -05:00: [32m[Nest] 30238  - [39m2024-11-25, 2:18:49 p.m. [32m    LOG[39m [38;5;3m[InstanceLoader] [39m[32mTypeOrmModule dependencies initialized[39m[38;5;3m +0ms[39m
2024-11-25 14:18 -05:00: [32m[Nest] 30238  - [39m2024-11-25, 2:18:49 p.m. [32m    LOG[39m [38;5;3m[InstanceLoader] [39m[32mMailerModule dependencies initialized[39m[38;5;3m +0ms[39m
2024-11-25 14:18 -05:00: [32m[Nest] 30238  - [39m2024-11-25, 2:18:49 p.m. [32m    LOG[39m [38;5;3m[InstanceLoader] [39m[32mHttpModule dependencies initialized[39m[38;5;3m +0ms[39m
2024-11-25 14:18 -05:00: [32m[Nest] 30238  - [39m2024-11-25, 2:18:49 p.m. [32m    LOG[39m [38;5;3m[InstanceLoader] [39m[32mDiscoveryModule dependencies initialized[39m[38;5;3m +0ms[39m
2024-11-25 14:18 -05:00: [32m[Nest] 30238  - [39m2024-11-25, 2:18:49 p.m. [32m    LOG[39m [38;5;3m[InstanceLoader] [39m[32mScheduleModule dependencies initialized[39m[38;5;3m +32ms[39m
2024-11-25 14:18 -05:00: [32m[Nest] 30238  - [39m2024-11-25, 2:18:49 p.m. [32m    LOG[39m [38;5;3m[InstanceLoader] [39m[32mMailerCoreModule dependencies initialized[39m[38;5;3m +1ms[39m
2024-11-25 14:18 -05:00: [32m[Nest] 30238  - [39m2024-11-25, 2:18:50 p.m. [32m    LOG[39m [38;5;3m[InstanceLoader] [39m[32mTypeOrmCoreModule dependencies initialized[39m[38;5;3m +40ms[39m
2024-11-25 14:18 -05:00: [32m[Nest] 30238  - [39m2024-11-25, 2:18:50 p.m. [32m    LOG[39m [38;5;3m[InstanceLoader] [39m[32mSharedModule dependencies initialized[39m[38;5;3m +0ms[39m
2024-11-25 14:18 -05:00: [32m[Nest] 30238  - [39m2024-11-25, 2:18:50 p.m. [32m    LOG[39m [38;5;3m[InstanceLoader] [39m[32mApiModule dependencies initialized[39m[38;5;3m +1ms[39m
2024-11-25 14:18 -05:00: [32m[Nest] 30238  - [39m2024-11-25, 2:18:50 p.m. [32m    LOG[39m [38;5;3m[InstanceLoader] [39m[32mUserModule dependencies initialized[39m[38;5;3m +0ms[39m
2024-11-25 14:18 -05:00: [32m[Nest] 30238  - [39m2024-11-25, 2:18:50 p.m. [32m    LOG[39m [38;5;3m[InstanceLoader] [39m[32mUploadModule dependencies initialized[39m[38;5;3m +0ms[39m
2024-11-25 14:18 -05:00: [32m[Nest] 30238  - [39m2024-11-25, 2:18:50 p.m. [32m    LOG[39m [38;5;3m[InstanceLoader] [39m[32mAuthModule dependencies initialized[39m[38;5;3m +0ms[39m
2024-11-25 14:18 -05:00: [32m[Nest] 30238  - [39m2024-11-25, 2:18:50 p.m. [32m    LOG[39m [38;5;3m[RoutesResolver] [39m[32mAuthController {/api/auth}:[39m[38;5;3m +24ms[39m
2024-11-25 14:18 -05:00: [32m[Nest] 30238  - [39m2024-11-25, 2:18:50 p.m. [32m    LOG[39m [38;5;3m[RouterExplorer] [39m[32mMapped {/api/auth/v1/register, POST} route[39m[38;5;3m +1ms[39m
2024-11-25 14:18 -05:00: [32m[Nest] 30238  - [39m2024-11-25, 2:18:50 p.m. [32m    LOG[39m [38;5;3m[RouterExplorer] [39m[32mMapped {/api/auth/v1/login, POST} route[39m[38;5;3m +0ms[39m
2024-11-25 14:18 -05:00: [32m[Nest] 30238  - [39m2024-11-25, 2:18:50 p.m. [32m    LOG[39m [38;5;3m[RouterExplorer] [39m[32mMapped {/api/auth/v1/socialLogin, POST} route[39m[38;5;3m +0ms[39m
2024-11-25 14:18 -05:00: [32m[Nest] 30238  - [39m2024-11-25, 2:18:50 p.m. [32m    LOG[39m [38;5;3m[RouterExplorer] [39m[32mMapped {/api/auth/v1/refreshtoken, POST} route[39m[38;5;3m +0ms[39m
2024-11-25 14:18 -05:00: [32m[Nest] 30238  - [39m2024-11-25, 2:18:50 p.m. [32m    LOG[39m [38;5;3m[RouterExplorer] [39m[32mMapped {/api/auth/v1/forgotpassword, POST} route[39m[38;5;3m +0ms[39m
2024-11-25 14:18 -05:00: [32m[Nest] 30238  - [39m2024-11-25, 2:18:50 p.m. [32m    LOG[39m [38;5;3m[RouterExplorer] [39m[32mMapped {/api/auth/v1/confirmotp, POST} route[39m[38;5;3m +1ms[39m
2024-11-25 14:18 -05:00: [32m[Nest] 30238  - [39m2024-11-25, 2:18:50 p.m. [32m    LOG[39m [38;5;3m[RouterExplorer] [39m[32mMapped {/api/auth/v1/resetpassword, POST} route[39m[38;5;3m +0ms[39m
2024-11-25 14:18 -05:00: [32m[Nest] 30238  - [39m2024-11-25, 2:18:50 p.m. [32m    LOG[39m [38;5;3m[RouterExplorer] [39m[32mMapped {/api/auth/v2/sendOtp, POST} route[39m[38;5;3m +0ms[39m
2024-11-25 14:18 -05:00: [32m[Nest] 30238  - [39m2024-11-25, 2:18:50 p.m. [32m    LOG[39m [38;5;3m[RouterExplorer] [39m[32mMapped {/api/auth/v2/confirmotp, POST} route[39m[38;5;3m +0ms[39m
2024-11-25 14:18 -05:00: [32m[Nest] 30238  - [39m2024-11-25, 2:18:50 p.m. [32m    LOG[39m [38;5;3m[RoutesResolver] [39m[32mUserController {/api/User}:[39m[38;5;3m +0ms[39m
2024-11-25 14:18 -05:00: [32m[Nest] 30238  - [39m2024-11-25, 2:18:50 p.m. [32m    LOG[39m [38;5;3m[RouterExplorer] [39m[32mMapped {/api/User/ImageUrl, POST} route[39m[38;5;3m +0ms[39m
2024-11-25 14:18 -05:00: [32m[Nest] 30238  - [39m2024-11-25, 2:18:50 p.m. [32m    LOG[39m [38;5;3m[RouterExplorer] [39m[32mMapped {/api/User/update/:id, PUT} route[39m[38;5;3m +1ms[39m
2024-11-25 14:18 -05:00: [32m[Nest] 30238  - [39m2024-11-25, 2:18:50 p.m. [32m    LOG[39m [38;5;3m[RouterExplorer] [39m[32mMapped {/api/User/changepassword, POST} route[39m[38;5;3m +0ms[39m
2024-11-25 14:18 -05:00: [32m[Nest] 30238  - [39m2024-11-25, 2:18:50 p.m. [32m    LOG[39m [38;5;3m[RouterExplorer] [39m[32mMapped {/api/User/delete/:userId, DELETE} route[39m[38;5;3m +0ms[39m
2024-11-25 14:18 -05:00: [32m[Nest] 30238  - [39m2024-11-25, 2:18:50 p.m. [32m    LOG[39m [38;5;3m[RouterExplorer] [39m[32mMapped {/api/User/addproducts, POST} route[39m[38;5;3m +0ms[39m
2024-11-25 14:18 -05:00: [32m[Nest] 30238  - [39m2024-11-25, 2:18:50 p.m. [32m    LOG[39m [38;5;3m[RouterExplorer] [39m[32mMapped {/api/User/getUserproducts, GET} route[39m[38;5;3m +0ms[39m
2024-11-25 14:18 -05:00: [32m[Nest] 30238  - [39m2024-11-25, 2:18:50 p.m. [32m    LOG[39m [38;5;3m[RouterExplorer] [39m[32mMapped {/api/User/removeProduct, PUT} route[39m[38;5;3m +0ms[39m
2024-11-25 14:18 -05:00: [32m[Nest] 30238  - [39m2024-11-25, 2:18:50 p.m. [32m    LOG[39m [38;5;3m[RouterExplorer] [39m[32mMapped {/api/User/getAllproducts, GET} route[39m[38;5;3m +0ms[39m
2024-11-25 14:18 -05:00: [32m[Nest] 30238  - [39m2024-11-25, 2:18:50 p.m. [32m    LOG[39m [38;5;3m[RoutesResolver] [39m[32mUploadController {/api/upload}:[39m[38;5;3m +0ms[39m
2024-11-25 14:18 -05:00: [32m[Nest] 30238  - [39m2024-11-25, 2:18:50 p.m. [32m    LOG[39m [38;5;3m[RouterExplorer] [39m[32mMapped {/api/upload/image, POST} route[39m[38;5;3m +0ms[39m
2024-11-25 14:18 -05:00: [32m[Nest] 30238  - [39m2024-11-25, 2:18:50 p.m. [32m    LOG[39m [38;5;3m[RouterExplorer] [39m[32mMapped {/api/upload/song, POST} route[39m[38;5;3m +0ms[39m
2024-11-25 14:18 -05:00: [32m[Nest] 30238  - [39m2024-11-25, 2:18:50 p.m. [32m    LOG[39m [38;5;3m[RouterExplorer] [39m[32mMapped {/api/upload/multipleImages, POST} route[39m[38;5;3m +1ms[39m
2024-11-25 14:18 -05:00: [32m[Nest] 30238  - [39m2024-11-25, 2:18:50 p.m. [32m    LOG[39m [38;5;3m[RouterExplorer] [39m[32mMapped {/api/upload/multipleSongs, POST} route[39m[38;5;3m +0ms[39m
2024-11-25 14:18 -05:00: [32m[Nest] 30238  - [39m2024-11-25, 2:18:50 p.m. [32m    LOG[39m [38;5;3m[NestApplication] [39m[32mNest application successfully started[39m[38;5;3m +2ms[39m
2024-11-25 14:18 -05:00: [95m[Nest] 30238  - [39m2024-11-25, 2:18:50 p.m. [95m  DEBUG[39m [38;5;3m[WEB] [39m[95mhttp://localhost:3011/api/doc[39m
2024-11-25 14:19 -05:00: [32m[Nest] 30368  - [39m2024-11-25, 2:19:15 p.m. [32m    LOG[39m [38;5;3m[NestFactory] [39m[32mStarting Nest application...[39m
2024-11-25 14:19 -05:00: [32m[Nest] 30368  - [39m2024-11-25, 2:19:15 p.m. [32m    LOG[39m [38;5;3m[InstanceLoader] [39m[32mAppModule dependencies initialized[39m[38;5;3m +23ms[39m
2024-11-25 14:19 -05:00: [32m[Nest] 30368  - [39m2024-11-25, 2:19:15 p.m. [32m    LOG[39m [38;5;3m[InstanceLoader] [39m[32mTypeOrmModule dependencies initialized[39m[38;5;3m +0ms[39m
2024-11-25 14:19 -05:00: [32m[Nest] 30368  - [39m2024-11-25, 2:19:15 p.m. [32m    LOG[39m [38;5;3m[InstanceLoader] [39m[32mMailerModule dependencies initialized[39m[38;5;3m +0ms[39m
2024-11-25 14:19 -05:00: [32m[Nest] 30368  - [39m2024-11-25, 2:19:15 p.m. [32m    LOG[39m [38;5;3m[InstanceLoader] [39m[32mHttpModule dependencies initialized[39m[38;5;3m +0ms[39m
2024-11-25 14:19 -05:00: [32m[Nest] 30368  - [39m2024-11-25, 2:19:15 p.m. [32m    LOG[39m [38;5;3m[InstanceLoader] [39m[32mDiscoveryModule dependencies initialized[39m[38;5;3m +1ms[39m
2024-11-25 14:19 -05:00: [32m[Nest] 30368  - [39m2024-11-25, 2:19:15 p.m. [32m    LOG[39m [38;5;3m[InstanceLoader] [39m[32mScheduleModule dependencies initialized[39m[38;5;3m +29ms[39m
2024-11-25 14:19 -05:00: [32m[Nest] 30368  - [39m2024-11-25, 2:19:15 p.m. [32m    LOG[39m [38;5;3m[InstanceLoader] [39m[32mMailerCoreModule dependencies initialized[39m[38;5;3m +0ms[39m
2024-11-25 14:19 -05:00: [32m[Nest] 30368  - [39m2024-11-25, 2:19:15 p.m. [32m    LOG[39m [38;5;3m[InstanceLoader] [39m[32mTypeOrmCoreModule dependencies initialized[39m[38;5;3m +10ms[39m
2024-11-25 14:19 -05:00: [32m[Nest] 30368  - [39m2024-11-25, 2:19:15 p.m. [32m    LOG[39m [38;5;3m[InstanceLoader] [39m[32mSharedModule dependencies initialized[39m[38;5;3m +1ms[39m
2024-11-25 14:19 -05:00: [32m[Nest] 30368  - [39m2024-11-25, 2:19:15 p.m. [32m    LOG[39m [38;5;3m[InstanceLoader] [39m[32mApiModule dependencies initialized[39m[38;5;3m +0ms[39m
2024-11-25 14:19 -05:00: [32m[Nest] 30368  - [39m2024-11-25, 2:19:15 p.m. [32m    LOG[39m [38;5;3m[InstanceLoader] [39m[32mUserModule dependencies initialized[39m[38;5;3m +0ms[39m
2024-11-25 14:19 -05:00: [32m[Nest] 30368  - [39m2024-11-25, 2:19:15 p.m. [32m    LOG[39m [38;5;3m[InstanceLoader] [39m[32mUploadModule dependencies initialized[39m[38;5;3m +0ms[39m
2024-11-25 14:19 -05:00: [32m[Nest] 30368  - [39m2024-11-25, 2:19:15 p.m. [32m    LOG[39m [38;5;3m[InstanceLoader] [39m[32mAuthModule dependencies initialized[39m[38;5;3m +0ms[39m
2024-11-25 14:19 -05:00: [32m[Nest] 30368  - [39m2024-11-25, 2:19:15 p.m. [32m    LOG[39m [38;5;3m[RoutesResolver] [39m[32mAuthController {/api/auth}:[39m[38;5;3m +24ms[39m
2024-11-25 14:19 -05:00: [32m[Nest] 30368  - [39m2024-11-25, 2:19:15 p.m. [32m    LOG[39m [38;5;3m[RouterExplorer] [39m[32mMapped {/api/auth/v1/register, POST} route[39m[38;5;3m +0ms[39m
2024-11-25 14:19 -05:00: [32m[Nest] 30368  - [39m2024-11-25, 2:19:15 p.m. [32m    LOG[39m [38;5;3m[RouterExplorer] [39m[32mMapped {/api/auth/v1/login, POST} route[39m[38;5;3m +1ms[39m
2024-11-25 14:19 -05:00: [32m[Nest] 30368  - [39m2024-11-25, 2:19:15 p.m. [32m    LOG[39m [38;5;3m[RouterExplorer] [39m[32mMapped {/api/auth/v1/socialLogin, POST} route[39m[38;5;3m +0ms[39m
2024-11-25 14:19 -05:00: [32m[Nest] 30368  - [39m2024-11-25, 2:19:15 p.m. [32m    LOG[39m [38;5;3m[RouterExplorer] [39m[32mMapped {/api/auth/v1/refreshtoken, POST} route[39m[38;5;3m +0ms[39m
2024-11-25 14:19 -05:00: [32m[Nest] 30368  - [39m2024-11-25, 2:19:15 p.m. [32m    LOG[39m [38;5;3m[RouterExplorer] [39m[32mMapped {/api/auth/v1/forgotpassword, POST} route[39m[38;5;3m +0ms[39m
2024-11-25 14:19 -05:00: [32m[Nest] 30368  - [39m2024-11-25, 2:19:15 p.m. [32m    LOG[39m [38;5;3m[RouterExplorer] [39m[32mMapped {/api/auth/v1/confirmotp, POST} route[39m[38;5;3m +0ms[39m
2024-11-25 14:19 -05:00: [32m[Nest] 30368  - [39m2024-11-25, 2:19:15 p.m. [32m    LOG[39m [38;5;3m[RouterExplorer] [39m[32mMapped {/api/auth/v1/resetpassword, POST} route[39m[38;5;3m +0ms[39m
2024-11-25 14:19 -05:00: [32m[Nest] 30368  - [39m2024-11-25, 2:19:15 p.m. [32m    LOG[39m [38;5;3m[RouterExplorer] [39m[32mMapped {/api/auth/v2/sendOtp, POST} route[39m[38;5;3m +1ms[39m
2024-11-25 14:19 -05:00: [32m[Nest] 30368  - [39m2024-11-25, 2:19:15 p.m. [32m    LOG[39m [38;5;3m[RouterExplorer] [39m[32mMapped {/api/auth/v2/confirmotp, POST} route[39m[38;5;3m +0ms[39m
2024-11-25 14:19 -05:00: [32m[Nest] 30368  - [39m2024-11-25, 2:19:15 p.m. [32m    LOG[39m [38;5;3m[RoutesResolver] [39m[32mUserController {/api/User}:[39m[38;5;3m +0ms[39m
2024-11-25 14:19 -05:00: [32m[Nest] 30368  - [39m2024-11-25, 2:19:15 p.m. [32m    LOG[39m [38;5;3m[RouterExplorer] [39m[32mMapped {/api/User/ImageUrl, POST} route[39m[38;5;3m +0ms[39m
2024-11-25 14:19 -05:00: [32m[Nest] 30368  - [39m2024-11-25, 2:19:15 p.m. [32m    LOG[39m [38;5;3m[RouterExplorer] [39m[32mMapped {/api/User/update/:id, PUT} route[39m[38;5;3m +1ms[39m
2024-11-25 14:19 -05:00: [32m[Nest] 30368  - [39m2024-11-25, 2:19:15 p.m. [32m    LOG[39m [38;5;3m[RouterExplorer] [39m[32mMapped {/api/User/changepassword, POST} route[39m[38;5;3m +0ms[39m
2024-11-25 14:19 -05:00: [32m[Nest] 30368  - [39m2024-11-25, 2:19:15 p.m. [32m    LOG[39m [38;5;3m[RouterExplorer] [39m[32mMapped {/api/User/delete/:userId, DELETE} route[39m[38;5;3m +0ms[39m
2024-11-25 14:19 -05:00: [32m[Nest] 30368  - [39m2024-11-25, 2:19:15 p.m. [32m    LOG[39m [38;5;3m[RouterExplorer] [39m[32mMapped {/api/User/addproducts, POST} route[39m[38;5;3m +0ms[39m
2024-11-25 14:19 -05:00: [32m[Nest] 30368  - [39m2024-11-25, 2:19:15 p.m. [32m    LOG[39m [38;5;3m[RouterExplorer] [39m[32mMapped {/api/User/getUserproducts, GET} route[39m[38;5;3m +0ms[39m
2024-11-25 14:19 -05:00: [32m[Nest] 30368  - [39m2024-11-25, 2:19:15 p.m. [32m    LOG[39m [38;5;3m[RouterExplorer] [39m[32mMapped {/api/User/removeProduct, PUT} route[39m[38;5;3m +0ms[39m
2024-11-25 14:19 -05:00: [32m[Nest] 30368  - [39m2024-11-25, 2:19:15 p.m. [32m    LOG[39m [38;5;3m[RouterExplorer] [39m[32mMapped {/api/User/getAllproducts, GET} route[39m[38;5;3m +0ms[39m
2024-11-25 14:19 -05:00: [32m[Nest] 30368  - [39m2024-11-25, 2:19:15 p.m. [32m    LOG[39m [38;5;3m[RoutesResolver] [39m[32mUploadController {/api/upload}:[39m[38;5;3m +0ms[39m
2024-11-25 14:19 -05:00: [32m[Nest] 30368  - [39m2024-11-25, 2:19:15 p.m. [32m    LOG[39m [38;5;3m[RouterExplorer] [39m[32mMapped {/api/upload/image, POST} route[39m[38;5;3m +1ms[39m
2024-11-25 14:19 -05:00: [32m[Nest] 30368  - [39m2024-11-25, 2:19:15 p.m. [32m    LOG[39m [38;5;3m[RouterExplorer] [39m[32mMapped {/api/upload/song, POST} route[39m[38;5;3m +0ms[39m
2024-11-25 14:19 -05:00: [32m[Nest] 30368  - [39m2024-11-25, 2:19:15 p.m. [32m    LOG[39m [38;5;3m[RouterExplorer] [39m[32mMapped {/api/upload/multipleImages, POST} route[39m[38;5;3m +0ms[39m
2024-11-25 14:19 -05:00: [32m[Nest] 30368  - [39m2024-11-25, 2:19:15 p.m. [32m    LOG[39m [38;5;3m[RouterExplorer] [39m[32mMapped {/api/upload/multipleSongs, POST} route[39m[38;5;3m +0ms[39m
2024-11-25 14:19 -05:00: [32m[Nest] 30368  - [39m2024-11-25, 2:19:15 p.m. [32m    LOG[39m [38;5;3m[NestApplication] [39m[32mNest application successfully started[39m[38;5;3m +3ms[39m
2024-11-25 14:19 -05:00: [95m[Nest] 30368  - [39m2024-11-25, 2:19:15 p.m. [95m  DEBUG[39m [38;5;3m[WEB] [39m[95mhttp://localhost:3011/api/doc[39m
